ARM GAS  /tmp/ccwWeFfK.s 			page 1


   1              		.cpu cortex-m4
   2              		.eabi_attribute 27, 1
   3              		.eabi_attribute 28, 1
   4              		.eabi_attribute 20, 1
   5              		.eabi_attribute 21, 1
   6              		.eabi_attribute 23, 3
   7              		.eabi_attribute 24, 1
   8              		.eabi_attribute 25, 1
   9              		.eabi_attribute 26, 1
  10              		.eabi_attribute 30, 1
  11              		.eabi_attribute 34, 1
  12              		.eabi_attribute 18, 4
  13              		.file	"gpio.c"
  14              		.text
  15              	.Ltext0:
  16              		.cfi_sections	.debug_frame
  17              		.section	.text.MX_GPIO_Init,"ax",%progbits
  18              		.align	1
  19              		.global	MX_GPIO_Init
  20              		.arch armv7e-m
  21              		.syntax unified
  22              		.thumb
  23              		.thumb_func
  24              		.fpu fpv4-sp-d16
  26              	MX_GPIO_Init:
  27              	.LFB209:
  28              		.file 1 "Src/gpio.c"
   1:Src/gpio.c    **** /**
   2:Src/gpio.c    ****   ******************************************************************************
   3:Src/gpio.c    ****   * File Name          : gpio.c
   4:Src/gpio.c    ****   * Description        : This file provides code for the configuration
   5:Src/gpio.c    ****   *                      of all used GPIO pins.
   6:Src/gpio.c    ****   ******************************************************************************
   7:Src/gpio.c    ****   * @attention
   8:Src/gpio.c    ****   *
   9:Src/gpio.c    ****   * <h2><center>&copy; Copyright (c) 2020 STMicroelectronics.
  10:Src/gpio.c    ****   * All rights reserved.</center></h2>
  11:Src/gpio.c    ****   *
  12:Src/gpio.c    ****   * This software component is licensed by ST under Ultimate Liberty license
  13:Src/gpio.c    ****   * SLA0044, the "License"; You may not use this file except in compliance with
  14:Src/gpio.c    ****   * the License. You may obtain a copy of the License at:
  15:Src/gpio.c    ****   *                             www.st.com/SLA0044
  16:Src/gpio.c    ****   *
  17:Src/gpio.c    ****   ******************************************************************************
  18:Src/gpio.c    ****   */
  19:Src/gpio.c    **** 
  20:Src/gpio.c    **** /* Includes ------------------------------------------------------------------*/
  21:Src/gpio.c    **** #include "gpio.h"
  22:Src/gpio.c    **** /* USER CODE BEGIN 0 */
  23:Src/gpio.c    **** 
  24:Src/gpio.c    **** /* USER CODE END 0 */
  25:Src/gpio.c    **** 
  26:Src/gpio.c    **** /*----------------------------------------------------------------------------*/
  27:Src/gpio.c    **** /* Configure GPIO                                                             */
  28:Src/gpio.c    **** /*----------------------------------------------------------------------------*/
  29:Src/gpio.c    **** /* USER CODE BEGIN 1 */
  30:Src/gpio.c    **** 
ARM GAS  /tmp/ccwWeFfK.s 			page 2


  31:Src/gpio.c    **** /* USER CODE END 1 */
  32:Src/gpio.c    **** 
  33:Src/gpio.c    **** /** Configure pins as 
  34:Src/gpio.c    ****         * Analog 
  35:Src/gpio.c    ****         * Input 
  36:Src/gpio.c    ****         * Output
  37:Src/gpio.c    ****         * EVENT_OUT
  38:Src/gpio.c    ****         * EXTI
  39:Src/gpio.c    ****         * Free pins are configured automatically as Analog (this feature is enabled through 
  40:Src/gpio.c    ****         * the Code Generation settings)
  41:Src/gpio.c    **** */
  42:Src/gpio.c    **** void MX_GPIO_Init(void)
  43:Src/gpio.c    **** {
  29              		.loc 1 43 1 view -0
  30              		.cfi_startproc
  31              		@ args = 0, pretend = 0, frame = 40
  32              		@ frame_needed = 0, uses_anonymous_args = 0
  33 0000 30B5     		push	{r4, r5, lr}
  34              	.LCFI0:
  35              		.cfi_def_cfa_offset 12
  36              		.cfi_offset 4, -12
  37              		.cfi_offset 5, -8
  38              		.cfi_offset 14, -4
  39 0002 8BB0     		sub	sp, sp, #44
  40              	.LCFI1:
  41              		.cfi_def_cfa_offset 56
  44:Src/gpio.c    **** 
  45:Src/gpio.c    ****   GPIO_InitTypeDef GPIO_InitStruct = {0};
  42              		.loc 1 45 3 view .LVU1
  43              		.loc 1 45 20 is_stmt 0 view .LVU2
  44 0004 0024     		movs	r4, #0
  45 0006 0894     		str	r4, [sp, #32]
  46 0008 0994     		str	r4, [sp, #36]
  46:Src/gpio.c    **** 
  47:Src/gpio.c    ****   /* GPIO Ports Clock Enable */
  48:Src/gpio.c    ****   __HAL_RCC_GPIOF_CLK_ENABLE();
  47              		.loc 1 48 3 is_stmt 1 view .LVU3
  48              	.LBB2:
  49              		.loc 1 48 3 view .LVU4
  50              		.loc 1 48 3 view .LVU5
  51 000a 224B     		ldr	r3, .L3
  52 000c DA6C     		ldr	r2, [r3, #76]
  53 000e 42F02002 		orr	r2, r2, #32
  54 0012 DA64     		str	r2, [r3, #76]
  55              		.loc 1 48 3 view .LVU6
  56 0014 DA6C     		ldr	r2, [r3, #76]
  57 0016 02F02002 		and	r2, r2, #32
  58 001a 0192     		str	r2, [sp, #4]
  59              		.loc 1 48 3 view .LVU7
  60 001c 019A     		ldr	r2, [sp, #4]
  61              	.LBE2:
  62              		.loc 1 48 3 view .LVU8
  49:Src/gpio.c    ****   __HAL_RCC_GPIOG_CLK_ENABLE();
  63              		.loc 1 49 3 view .LVU9
  64              	.LBB3:
  65              		.loc 1 49 3 view .LVU10
  66              		.loc 1 49 3 view .LVU11
ARM GAS  /tmp/ccwWeFfK.s 			page 3


  67 001e DA6C     		ldr	r2, [r3, #76]
  68 0020 42F04002 		orr	r2, r2, #64
  69 0024 DA64     		str	r2, [r3, #76]
  70              		.loc 1 49 3 view .LVU12
  71 0026 DA6C     		ldr	r2, [r3, #76]
  72 0028 02F04002 		and	r2, r2, #64
  73 002c 0292     		str	r2, [sp, #8]
  74              		.loc 1 49 3 view .LVU13
  75 002e 029A     		ldr	r2, [sp, #8]
  76              	.LBE3:
  77              		.loc 1 49 3 view .LVU14
  50:Src/gpio.c    ****   __HAL_RCC_GPIOA_CLK_ENABLE();
  78              		.loc 1 50 3 view .LVU15
  79              	.LBB4:
  80              		.loc 1 50 3 view .LVU16
  81              		.loc 1 50 3 view .LVU17
  82 0030 DA6C     		ldr	r2, [r3, #76]
  83 0032 42F00102 		orr	r2, r2, #1
  84 0036 DA64     		str	r2, [r3, #76]
  85              		.loc 1 50 3 view .LVU18
  86 0038 DA6C     		ldr	r2, [r3, #76]
  87 003a 02F00102 		and	r2, r2, #1
  88 003e 0392     		str	r2, [sp, #12]
  89              		.loc 1 50 3 view .LVU19
  90 0040 039A     		ldr	r2, [sp, #12]
  91              	.LBE4:
  92              		.loc 1 50 3 view .LVU20
  51:Src/gpio.c    ****   __HAL_RCC_GPIOB_CLK_ENABLE();
  93              		.loc 1 51 3 view .LVU21
  94              	.LBB5:
  95              		.loc 1 51 3 view .LVU22
  96              		.loc 1 51 3 view .LVU23
  97 0042 DA6C     		ldr	r2, [r3, #76]
  98 0044 42F00202 		orr	r2, r2, #2
  99 0048 DA64     		str	r2, [r3, #76]
 100              		.loc 1 51 3 view .LVU24
 101 004a DB6C     		ldr	r3, [r3, #76]
 102 004c 03F00203 		and	r3, r3, #2
 103 0050 0493     		str	r3, [sp, #16]
 104              		.loc 1 51 3 view .LVU25
 105 0052 049B     		ldr	r3, [sp, #16]
 106              	.LBE5:
 107              		.loc 1 51 3 view .LVU26
  52:Src/gpio.c    **** 
  53:Src/gpio.c    ****   /*Configure GPIO pin : PG10 */
  54:Src/gpio.c    ****   GPIO_InitStruct.Pin = GPIO_PIN_10;
 108              		.loc 1 54 3 view .LVU27
 109              		.loc 1 54 23 is_stmt 0 view .LVU28
 110 0054 4FF48063 		mov	r3, #1024
 111 0058 0593     		str	r3, [sp, #20]
  55:Src/gpio.c    ****   GPIO_InitStruct.Mode = GPIO_MODE_ANALOG;
 112              		.loc 1 55 3 is_stmt 1 view .LVU29
 113              		.loc 1 55 24 is_stmt 0 view .LVU30
 114 005a 0325     		movs	r5, #3
 115 005c 0695     		str	r5, [sp, #24]
  56:Src/gpio.c    ****   GPIO_InitStruct.Pull = GPIO_NOPULL;
 116              		.loc 1 56 3 is_stmt 1 view .LVU31
ARM GAS  /tmp/ccwWeFfK.s 			page 4


 117              		.loc 1 56 24 is_stmt 0 view .LVU32
 118 005e 0794     		str	r4, [sp, #28]
  57:Src/gpio.c    ****   HAL_GPIO_Init(GPIOG, &GPIO_InitStruct);
 119              		.loc 1 57 3 is_stmt 1 view .LVU33
 120 0060 05A9     		add	r1, sp, #20
 121 0062 0D48     		ldr	r0, .L3+4
 122 0064 FFF7FEFF 		bl	HAL_GPIO_Init
 123              	.LVL0:
  58:Src/gpio.c    **** 
  59:Src/gpio.c    ****   /*Configure GPIO pins : PA0 PA1 PA4 PA5 
  60:Src/gpio.c    ****                            PA6 PA7 PA10 PA11 
  61:Src/gpio.c    ****                            PA12 PA15 */
  62:Src/gpio.c    ****   GPIO_InitStruct.Pin = GPIO_PIN_0|GPIO_PIN_1|GPIO_PIN_4|GPIO_PIN_5 
 124              		.loc 1 62 3 view .LVU34
 125              		.loc 1 62 23 is_stmt 0 view .LVU35
 126 0068 49F6F343 		movw	r3, #40179
 127 006c 0593     		str	r3, [sp, #20]
  63:Src/gpio.c    ****                           |GPIO_PIN_6|GPIO_PIN_7|GPIO_PIN_10|GPIO_PIN_11 
  64:Src/gpio.c    ****                           |GPIO_PIN_12|GPIO_PIN_15;
  65:Src/gpio.c    ****   GPIO_InitStruct.Mode = GPIO_MODE_ANALOG;
 128              		.loc 1 65 3 is_stmt 1 view .LVU36
 129              		.loc 1 65 24 is_stmt 0 view .LVU37
 130 006e 0695     		str	r5, [sp, #24]
  66:Src/gpio.c    ****   GPIO_InitStruct.Pull = GPIO_NOPULL;
 131              		.loc 1 66 3 is_stmt 1 view .LVU38
 132              		.loc 1 66 24 is_stmt 0 view .LVU39
 133 0070 0794     		str	r4, [sp, #28]
  67:Src/gpio.c    ****   HAL_GPIO_Init(GPIOA, &GPIO_InitStruct);
 134              		.loc 1 67 3 is_stmt 1 view .LVU40
 135 0072 05A9     		add	r1, sp, #20
 136 0074 4FF09040 		mov	r0, #1207959552
 137 0078 FFF7FEFF 		bl	HAL_GPIO_Init
 138              	.LVL1:
  68:Src/gpio.c    **** 
  69:Src/gpio.c    ****   /*Configure GPIO pins : PB0 PB3 PB4 PB5 
  70:Src/gpio.c    ****                            PB6 PB7 PB8 */
  71:Src/gpio.c    ****   GPIO_InitStruct.Pin = GPIO_PIN_0|GPIO_PIN_3|GPIO_PIN_4|GPIO_PIN_5 
 139              		.loc 1 71 3 view .LVU41
 140              		.loc 1 71 23 is_stmt 0 view .LVU42
 141 007c 40F2F913 		movw	r3, #505
 142 0080 0593     		str	r3, [sp, #20]
  72:Src/gpio.c    ****                           |GPIO_PIN_6|GPIO_PIN_7|GPIO_PIN_8;
  73:Src/gpio.c    ****   GPIO_InitStruct.Mode = GPIO_MODE_ANALOG;
 143              		.loc 1 73 3 is_stmt 1 view .LVU43
 144              		.loc 1 73 24 is_stmt 0 view .LVU44
 145 0082 0695     		str	r5, [sp, #24]
  74:Src/gpio.c    ****   GPIO_InitStruct.Pull = GPIO_NOPULL;
 146              		.loc 1 74 3 is_stmt 1 view .LVU45
 147              		.loc 1 74 24 is_stmt 0 view .LVU46
 148 0084 0794     		str	r4, [sp, #28]
  75:Src/gpio.c    ****   HAL_GPIO_Init(GPIOB, &GPIO_InitStruct);
 149              		.loc 1 75 3 is_stmt 1 view .LVU47
 150 0086 05A9     		add	r1, sp, #20
 151 0088 0448     		ldr	r0, .L3+8
 152 008a FFF7FEFF 		bl	HAL_GPIO_Init
 153              	.LVL2:
  76:Src/gpio.c    **** 
ARM GAS  /tmp/ccwWeFfK.s 			page 5


  77:Src/gpio.c    **** }
 154              		.loc 1 77 1 is_stmt 0 view .LVU48
 155 008e 0BB0     		add	sp, sp, #44
 156              	.LCFI2:
 157              		.cfi_def_cfa_offset 12
 158              		@ sp needed
 159 0090 30BD     		pop	{r4, r5, pc}
 160              	.L4:
 161 0092 00BF     		.align	2
 162              	.L3:
 163 0094 00100240 		.word	1073876992
 164 0098 00180048 		.word	1207965696
 165 009c 00040048 		.word	1207960576
 166              		.cfi_endproc
 167              	.LFE209:
 169              		.text
 170              	.Letext0:
 171              		.file 2 "/usr/lib/gcc/arm-none-eabi/9.2.1/include/stdint.h"
 172              		.file 3 "Drivers/CMSIS/Include/core_cm4.h"
 173              		.file 4 "Drivers/CMSIS/Device/ST/STM32G4xx/Include/system_stm32g4xx.h"
 174              		.file 5 "Drivers/CMSIS/Device/ST/STM32G4xx/Include/stm32g431xx.h"
 175              		.file 6 "Drivers/STM32G4xx_HAL_Driver/Inc/stm32g4xx_hal_def.h"
 176              		.file 7 "Drivers/STM32G4xx_HAL_Driver/Inc/stm32g4xx_hal_gpio.h"
 177              		.file 8 "Drivers/STM32G4xx_HAL_Driver/Inc/stm32g4xx_hal_flash.h"
 178              		.file 9 "Drivers/STM32G4xx_HAL_Driver/Inc/stm32g4xx_hal.h"
ARM GAS  /tmp/ccwWeFfK.s 			page 6


DEFINED SYMBOLS
                            *ABS*:0000000000000000 gpio.c
     /tmp/ccwWeFfK.s:18     .text.MX_GPIO_Init:0000000000000000 $t
     /tmp/ccwWeFfK.s:26     .text.MX_GPIO_Init:0000000000000000 MX_GPIO_Init
     /tmp/ccwWeFfK.s:163    .text.MX_GPIO_Init:0000000000000094 $d

UNDEFINED SYMBOLS
HAL_GPIO_Init
